=== RUN   TestServerFlow
    shared_test.go:12: Hub: Registering client
    server_test.go:57: Client connected, starting publisher...
    server_test.go:71: Reading stream...
    server_test.go:64: Publishing message...
    server_test.go:66: Message published
    shared_test.go:12: Hub: Broadcasting message [test-channel]
    shared_test.go:12: Hub: Sent to 1 clients
    server_test.go:73: Read returned: n=41 err=<nil>
    server_test.go:79: Received: id: 1
        event: greeting
        data: hello world

    shared_test.go:12: Hub: Unregistering client
--- PASS: TestServerFlow (0.20s)
=== RUN   TestServerHistoryReplay
    shared_test.go:12: Hub: Broadcasting message [all]
    shared_test.go:12: Hub: Sent to 0 clients
    shared_test.go:12: Hub: Broadcasting message [all]
    shared_test.go:12: Hub: Sent to 0 clients
    shared_test.go:12: Hub: Broadcasting message [all]
    shared_test.go:12: Hub: Sent to 0 clients
    shared_test.go:12: Hub: Registering client
    shared_test.go:12: Hub: Unregistering client
--- PASS: TestServerHistoryReplay (0.06s)
=== RUN   TestDefaultChannelProvider
--- PASS: TestDefaultChannelProvider (0.00s)
=== RUN   TestChannelProviderError
--- PASS: TestChannelProviderError (0.00s)
PASS
ok  	github.com/cdvelop/tinysse	0.272s
